activeusers
adobeconnect
aim
appointment
assignment
attendance
attforblock
bibliography
book
brainstorm
certificate
chat
checklist
choice
cognitivefactory
consultation
cord
coursetracking
customlabel
data
dialogue
dimdim
docbook
econsole
elluminatelive
epresence
event
exercise
facebook
facetoface
feedback
flash
flashcard
flv
form
forum
forumng
gallery
game
glossary
groupselect
hiperbook
hotpot
ilpconcern
ilptarget
indexsurvey
ipodcast
journal
label
lams
lesson
magtest
map
myvideos
object
oublog
ouwiki
poasassignment
presentation
presenter
qcreate
questionnaire
questions
quiz
realtimeattendance
realtimequiz
register
reservation
resource
scheduler
sclipowebclass
shelf
skype
slideshow
scorm
sqi
stampcoll
standardslideshow
studynotes
subcourse
survey
tab
task
taskchain
techproject
termreview
tracker
tui
turnitintool
tutorfeedback
tutorship
videotutor
videovista
visuland
webconference
webquest
webquestscorm
wiki
workshop
